native_android/app/build/intermediates/manifest_merge_blame_file/release/processReleaseMainManifest/manifest-merger-blame-release-report.txt
1<?xml version="1.0" encoding="utf-8"?>
2<manifest xmlns:android="http://schemas.android.com/apk/res/android"
3    package="com.birdalarm.nativealarm"
4    android:versionCode="9"
5    android:versionName="0.2.2" >
6
7    <uses-sdk
8        android:minSdkVersion="23"
9        android:targetSdkVersion="35" />
10
11    <uses-permission android:name="android.permission.INTERNET" />
11-->src/main/AndroidManifest.xml:2:5-67
11-->src/main/AndroidManifest.xml:2:22-64
12    <uses-permission android:name="android.permission.POST_NOTIFICATIONS" />
12-->src/main/AndroidManifest.xml:3:5-77
12-->src/main/AndroidManifest.xml:3:22-74
13    <uses-permission android:name="android.permission.SCHEDULE_EXACT_ALARM" />
13-->src/main/AndroidManifest.xml:4:5-79
13-->src/main/AndroidManifest.xml:4:22-76
14    <uses-permission android:name="android.permission.USE_EXACT_ALARM" />
14-->src/main/AndroidManifest.xml:5:5-74
14-->src/main/AndroidManifest.xml:5:22-71
15    <uses-permission android:name="android.permission.WAKE_LOCK" />
15-->src/main/AndroidManifest.xml:6:5-68
15-->src/main/AndroidManifest.xml:6:22-65
16    <uses-permission android:name="android.permission.DISABLE_KEYGUARD" />
16-->src/main/AndroidManifest.xml:7:5-75
16-->src/main/AndroidManifest.xml:7:22-72
17    <uses-permission android:name="android.permission.USE_FULL_SCREEN_INTENT" />
17-->src/main/AndroidManifest.xml:8:5-81
17-->src/main/AndroidManifest.xml:8:22-78
18    <uses-permission android:name="android.permission.FOREGROUND_SERVICE" />
18-->src/main/AndroidManifest.xml:9:5-77
18-->src/main/AndroidManifest.xml:9:22-74
19    <uses-permission android:name="android.permission.FOREGROUND_SERVICE_MEDIA_PLAYBACK" />
19-->src/main/AndroidManifest.xml:10:5-92
19-->src/main/AndroidManifest.xml:10:22-89
20    <uses-permission android:name="android.permission.REQUEST_IGNORE_BATTERY_OPTIMIZATIONS" />
20-->src/main/AndroidManifest.xml:11:5-95
20-->src/main/AndroidManifest.xml:11:22-92
21
22    <application
22-->src/main/AndroidManifest.xml:13:5-45:19
23        android:allowBackup="true"
23-->src/main/AndroidManifest.xml:18:9-35
24        android:extractNativeLibs="false"
25        android:icon="@drawable/ic_launcher_bird"
25-->src/main/AndroidManifest.xml:16:9-50
26        android:label="鸟瘾闹钟"
26-->src/main/AndroidManifest.xml:15:9-29
27        android:roundIcon="@drawable/ic_launcher_bird"
27-->src/main/AndroidManifest.xml:17:9-55
28        android:supportsRtl="true"
28-->src/main/AndroidManifest.xml:19:9-35
29        android:theme="@style/AppTheme" >
29-->src/main/AndroidManifest.xml:14:9-40
30        <activity
30-->src/main/AndroidManifest.xml:20:9-26:43
31            android:name="com.birdalarm.nativealarm.AlarmRingActivity"
31-->src/main/AndroidManifest.xml:21:13-46
32            android:excludeFromRecents="true"
32-->src/main/AndroidManifest.xml:22:13-46
33            android:exported="false"
33-->src/main/AndroidManifest.xml:23:13-37
34            android:launchMode="singleTop"
34-->src/main/AndroidManifest.xml:24:13-43
35            android:showWhenLocked="true"
35-->src/main/AndroidManifest.xml:25:13-42
36            android:turnScreenOn="true" />
36-->src/main/AndroidManifest.xml:26:13-40
37        <activity
37-->src/main/AndroidManifest.xml:27:9-37:20
38            android:name="com.birdalarm.nativealarm.MainActivity"
38-->src/main/AndroidManifest.xml:28:13-41
39            android:exported="true"
39-->src/main/AndroidManifest.xml:29:13-36
40            android:launchMode="singleTop"
40-->src/main/AndroidManifest.xml:30:13-43
41            android:showWhenLocked="true"
41-->src/main/AndroidManifest.xml:31:13-42
42            android:turnScreenOn="true" >
42-->src/main/AndroidManifest.xml:32:13-40
43            <intent-filter>
43-->src/main/AndroidManifest.xml:33:13-36:29
44                <action android:name="android.intent.action.MAIN" />
44-->src/main/AndroidManifest.xml:34:17-69
44-->src/main/AndroidManifest.xml:34:25-66
45
46                <category android:name="android.intent.category.LAUNCHER" />
46-->src/main/AndroidManifest.xml:35:17-77
46-->src/main/AndroidManifest.xml:35:27-74
47            </intent-filter>
48        </activity>
49
50        <receiver
50-->src/main/AndroidManifest.xml:38:9-40:40
51            android:name="com.birdalarm.nativealarm.AlarmReceiver"
51-->src/main/AndroidManifest.xml:39:13-42
52            android:exported="false" />
52-->src/main/AndroidManifest.xml:40:13-37
53
54        <service
54-->src/main/AndroidManifest.xml:41:9-44:61
55            android:name="com.birdalarm.nativealarm.AlarmGuardService"
55-->src/main/AndroidManifest.xml:42:13-46
56            android:exported="false"
56-->src/main/AndroidManifest.xml:43:13-37
57            android:foregroundServiceType="mediaPlayback" />
57-->src/main/AndroidManifest.xml:44:13-58
58    </application>
59
60</manifest>